TN:
SF:src/server.js
FN:8,(anonymous_0)
FN:14,(anonymous_1)
FNF:2
FNH:1
FNDA:2,(anonymous_0)
FNDA:0,(anonymous_1)
DA:1,1
DA:2,1
DA:3,1
DA:6,1
DA:8,1
DA:9,2
DA:10,2
DA:14,0
DA:15,0
DA:18,2
DA:20,0
DA:24,1
DA:26,1
LF:13
LH:10
BRDA:3,0,0,0
BRDA:10,1,0,0
BRDA:10,1,1,2
BRDA:11,2,0,2
BRDA:11,2,1,0
BRF:5
BRH:2
end_of_record
TN:
SF:src/apis/routes/health.routes.js
FN:4,(anonymous_0)
FNF:1
FNH:1
FNDA:1,(anonymous_0)
DA:1,1
DA:2,1
DA:4,1
DA:6,1
DA:7,1
LF:5
LH:5
BRF:0
BRH:0
end_of_record
TN:
SF:src/apis/routes/index.js
FN:4,(anonymous_0)
FNF:1
FNH:1
FNDA:1,(anonymous_0)
DA:1,1
DA:2,1
DA:4,1
DA:5,1
DA:6,1
LF:5
LH:5
BRF:0
BRH:0
end_of_record
TN:
SF:src/apis/routes/product.routes.js
FN:6,(anonymous_0)
FNF:1
FNH:1
FNDA:1,(anonymous_0)
DA:1,1
DA:2,1
DA:4,1
DA:6,1
DA:7,1
DA:8,1
LF:6
LH:6
BRF:0
BRH:0
end_of_record
TN:
SF:src/controllers/health.controllers.js
FN:1,(anonymous_0)
FNF:1
FNH:1
FNDA:2,(anonymous_0)
DA:1,2
DA:2,2
LF:2
LH:2
BRF:0
BRH:0
end_of_record
TN:
SF:src/controllers/product.controllers.js
FN:1,(anonymous_0)
FNF:1
FNH:0
FNDA:0,(anonymous_0)
DA:1,1
DA:2,0
LF:2
LH:1
BRF:0
BRH:0
end_of_record
TN:
SF:src/utils/rootDir.js
FN:2,(anonymous_0)
FNF:1
FNH:1
FNDA:1,(anonymous_0)
DA:1,1
DA:2,1
LF:2
LH:2
BRF:0
BRH:0
end_of_record
